Picasso-sample/build/outputs/logs/manifest-merger-debug-report.txt
-- Merging decision tree log ---
manifest
ADDED from AndroidManifest.xml:3:1
	xmlns:android
		ADDED from AndroidManifest.xml:3:11
	package
		ADDED from AndroidManifest.xml:6:5
	android:versionName
		ADDED from AndroidManifest.xml:5:5
	android:versionCode
		ADDED from AndroidManifest.xml:4:5
		INJECTED from AndroidManifest.xml:0:0
		INJECTED from AndroidManifest.xml:0:0
uses-sdk
ADDED from AndroidManifest.xml:8:3
MERGED from com.android.support:support-v4:22.0.0:20:5
	android:targetSdkVersion
		ADDED from AndroidManifest.xml:8:39
	android:minSdkVersion
		ADDED from AndroidManifest.xml:8:13
uses-permission#android.permission.INTERNET
ADDED from AndroidManifest.xml:11:3
	android:name
		ADDED from AndroidManifest.xml:11:20
uses-permission#android.permission.ACCESS_NETWORK_STATE
ADDED from AndroidManifest.xml:16:3
	android:name
		ADDED from AndroidManifest.xml:16:20
uses-permission#android.permission.READ_EXTERNAL_STORAGE
ADDED from AndroidManifest.xml:18:3
	android:name
		ADDED from AndroidManifest.xml:18:20
uses-permission#android.permission.READ_CONTACTS
ADDED from AndroidManifest.xml:20:3
	android:name
		ADDED from AndroidManifest.xml:20:20
application
ADDED from AndroidManifest.xml:22:3
MERGED from com.android.support:support-v4:22.0.0:22:5
	android:label
		ADDED from AndroidManifest.xml:23:7
	android:icon
		ADDED from AndroidManifest.xml:24:7
	android:theme
		ADDED from AndroidManifest.xml:25:7
activity#com.example.picasso.SampleGridViewActivity
ADDED from AndroidManifest.xml:27:5
	android:label
		ADDED from AndroidManifest.xml:28:9
	android:name
		ADDED from AndroidManifest.xml:29:9
intent-filter#android.intent.action.MAIN+android.intent.category.DEFAULT+android.intent.category.LAUNCHER
ADDED from AndroidManifest.xml:30:7
action#android.intent.action.MAIN
ADDED from AndroidManifest.xml:31:9
	android:name
		ADDED from AndroidManifest.xml:31:17
category#android.intent.category.LAUNCHER
ADDED from AndroidManifest.xml:32:9
	android:name
		ADDED from AndroidManifest.xml:32:19
category#android.intent.category.DEFAULT
ADDED from AndroidManifest.xml:33:9
	android:name
		ADDED from AndroidManifest.xml:33:19
activity#com.example.picasso.SampleContactsActivity
ADDED from AndroidManifest.xml:37:5
	android:name
		ADDED from AndroidManifest.xml:37:15
activity#com.example.picasso.SampleGalleryActivity
ADDED from AndroidManifest.xml:38:5
	android:name
		ADDED from AndroidManifest.xml:38:15
activity#com.example.picasso.SampleListDetailActivity
ADDED from AndroidManifest.xml:39:5
	android:name
		ADDED from AndroidManifest.xml:39:15
receiver#com.example.picasso.SampleWidgetProvider
ADDED from AndroidManifest.xml:41:5
	android:name
		ADDED from AndroidManifest.xml:41:15
intent-filter#android.appwidget.action.APPWIDGET_UPDATE
ADDED from AndroidManifest.xml:42:7
action#android.appwidget.action.APPWIDGET_UPDATE
ADDED from AndroidManifest.xml:43:9
	android:name
		ADDED from AndroidManifest.xml:43:17
meta-data#android.appwidget.provider
ADDED from AndroidManifest.xml:45:7
	android:resource
		ADDED from AndroidManifest.xml:46:11
	android:name
		ADDED from AndroidManifest.xml:45:18